c:\users\ernst\documents\visual studio 2015\projects\mayarenderer\mayarenderer\x64\debug\vc140.pdb
c:\users\ernst\documents\visual studio 2015\projects\mayarenderer\mayarenderer\x64\debug\vc140.idb
c:\users\ernst\documents\visual studio 2015\projects\mayarenderer\mayarenderer\x64\debug\main.obj
c:\users\ernst\documents\visual studio 2015\projects\mayarenderer\x64\debug\mayarenderer.ilk
c:\users\ernst\documents\visual studio 2015\projects\mayarenderer\x64\debug\mayarenderer.mll
c:\users\ernst\documents\visual studio 2015\projects\mayarenderer\x64\debug\mayarenderer.pdb
c:\users\ernst\documents\visual studio 2015\projects\mayarenderer\x64\debug\mayarenderer.lib
c:\users\ernst\documents\visual studio 2015\projects\mayarenderer\x64\debug\mayarenderer.exp
c:\users\linus.axelsson3\documents\github\mayarenderer\mayarenderer\x64\debug\vc140.idb
c:\users\linus.axelsson3\documents\github\mayarenderer\mayarenderer\x64\debug\vc140.pdb
c:\users\linus.axelsson3\documents\github\mayarenderer\x64\debug\mayarenderer.pdb
c:\users\linus.axelsson3\documents\github\mayarenderer\x64\debug\mayarenderer.mll
c:\users\linus.axelsson3\documents\github\mayarenderer\x64\debug\mayarenderer.ilk
c:\users\linus.axelsson3\documents\github\mayarenderer\mayarenderer\x64\debug\mayarenderer.tlog\cl.command.1.tlog
c:\users\linus.axelsson3\documents\github\mayarenderer\mayarenderer\x64\debug\mayarenderer.tlog\cl.read.1.tlog
c:\users\linus.axelsson3\documents\github\mayarenderer\mayarenderer\x64\debug\mayarenderer.tlog\cl.write.1.tlog
c:\users\linus.axelsson3\documents\github\mayarenderer\mayarenderer\x64\debug\mayarenderer.tlog\link.command.1.tlog
c:\users\linus.axelsson3\documents\github\mayarenderer\mayarenderer\x64\debug\mayarenderer.tlog\link.read.1.tlog
c:\users\linus.axelsson3\documents\github\mayarenderer\mayarenderer\x64\debug\mayarenderer.tlog\link.write.1.tlog
c:\users\linus.axelsson3\documents\github\mayarenderer\mayarenderer\x64\debug\mayarenderer.tlog\mayarenderer.write.1u.tlog
